C:\Users\jolov\Desktop\MASTER_NASTAVA\kafka-rnaep\dashboard.py:41: UserWarning: pandas only supports SQLAlchemy connectable (engine/connection) or database string URI or sqlite3 DBAPI2 connection. Other DBAPI2 objects are not tested. Please consider using SQLAlchemy.
  kpi = pd.read_sql(kpi_sql, conn).iloc[0]
C:\Users\jolov\Desktop\MASTER_NASTAVA\kafka-rnaep\dashboard.py:47: UserWarning: pandas only supports SQLAlchemy connectable (engine/connection) or database string URI or sqlite3 DBAPI2 connection. Other DBAPI2 objects are not tested. Please consider using SQLAlchemy.
  st.dataframe(pd.read_sql(top_pdn_sql, conn), use_container_width=True)
2026-01-21 14:02:42.972 Please replace `use_container_width` with `width`.

`use_container_width` will be removed after 2025-12-31.

For `use_container_width=True`, use `width='stretch'`. For `use_container_width=False`, use `width='content'`.
C:\Users\jolov\Desktop\MASTER_NASTAVA\kafka-rnaep\dashboard.py:50: UserWarning: pandas only supports SQLAlchemy connectable (engine/connection) or database string URI or sqlite3 DBAPI2 connection. Other DBAPI2 objects are not tested. Please consider using SQLAlchemy.
  st.dataframe(pd.read_sql(latest_sql, conn), use_container_width=True)
2026-01-21 14:02:43.053 Please replace `use_container_width` with `width`.

`use_container_width` will be removed after 2025-12-31.

For `use_container_width=True`, use `width='stretch'`. For `use_container_width=False`, use `width='content'`.
C:\Users\jolov\Desktop\MASTER_NASTAVA\kafka-rnaep\dashboard.py:41: UserWarning: pandas only supports SQLAlchemy connectable (engine/connection) or database string URI or sqlite3 DBAPI2 connection. Other DBAPI2 objects are not tested. Please consider using SQLAlchemy.
  kpi = pd.read_sql(kpi_sql, conn).iloc[0]
C:\Users\jolov\Desktop\MASTER_NASTAVA\kafka-rnaep\dashboard.py:47: UserWarning: pandas only supports SQLAlchemy connectable (engine/connection) or database string URI or sqlite3 DBAPI2 connection. Other DBAPI2 objects are not tested. Please consider using SQLAlchemy.
  st.dataframe(pd.read_sql(top_pdn_sql, conn), use_container_width=True)
2026-01-21 14:02:46.868 Please replace `use_container_width` with `width`.

`use_container_width` will be removed after 2025-12-31.

For `use_container_width=True`, use `width='stretch'`. For `use_container_width=False`, use `width='content'`.
C:\Users\jolov\Desktop\MASTER_NASTAVA\kafka-rnaep\dashboard.py:50: UserWarning: pandas only supports SQLAlchemy connectable (engine/connection) or database string URI or sqlite3 DBAPI2 connection. Other DBAPI2 objects are not tested. Please consider using SQLAlchemy.
  st.dataframe(pd.read_sql(latest_sql, conn), use_container_width=True)
2026-01-21 14:02:46.875 Please replace `use_container_width` with `width`.

`use_container_width` will be removed after 2025-12-31.

For `use_container_width=True`, use `width='stretch'`. For `use_container_width=False`, use `width='content'`.
C:\Users\jolov\Desktop\MASTER_NASTAVA\kafka-rnaep\dashboard.py:41: UserWarning: pandas only supports SQLAlchemy connectable (engine/connection) or database string URI or sqlite3 DBAPI2 connection. Other DBAPI2 objects are not tested. Please consider using SQLAlchemy.
  kpi = pd.read_sql(kpi_sql, conn).iloc[0]
C:\Users\jolov\Desktop\MASTER_NASTAVA\kafka-rnaep\dashboard.py:47: UserWarning: pandas only supports SQLAlchemy connectable (engine/connection) or database string URI or sqlite3 DBAPI2 connection. Other DBAPI2 objects are not tested. Please consider using SQLAlchemy.
  st.dataframe(pd.read_sql(top_pdn_sql, conn), use_container_width=True)
2026-01-21 14:02:48.909 Please replace `use_container_width` with `width`.

`use_container_width` will be removed after 2025-12-31.

For `use_container_width=True`, use `width='stretch'`. For `use_container_width=False`, use `width='content'`.
C:\Users\jolov\Desktop\MASTER_NASTAVA\kafka-rnaep\dashboard.py:50: UserWarning: pandas only supports SQLAlchemy connectable (engine/connection) or database string URI or sqlite3 DBAPI2 connection. Other DBAPI2 objects are not tested. Please consider using SQLAlchemy.
  st.dataframe(pd.read_sql(latest_sql, conn), use_container_width=True)
2026-01-21 14:02:48.936 Please replace `use_container_width` with `width`.

`use_container_width` will be removed after 2025-12-31.

For `use_container_width=True`, use `width='stretch'`. For `use_container_width=False`, use `width='content'`.
C:\Users\jolov\Desktop\MASTER_NASTAVA\kafka-rnaep\dashboard.py:41: UserWarning: pandas only supports SQLAlchemy connectable (engine/connection) or database string URI or sqlite3 DBAPI2 connection. Other DBAPI2 objects are not tested. Please consider using SQLAlchemy.
  kpi = pd.read_sql(kpi_sql, conn).iloc[0]
C:\Users\jolov\Desktop\MASTER_NASTAVA\kafka-rnaep\dashboard.py:47: UserWarning: pandas only supports SQLAlchemy connectable (engine/connection) or database string URI or sqlite3 DBAPI2 connection. Other DBAPI2 objects are not tested. Please consider using SQLAlchemy.
  st.dataframe(pd.read_sql(top_pdn_sql, conn), use_container_width=True)
2026-01-21 14:02:50.871 Please replace `use_container_width` with `width`.

`use_container_width` will be removed after 2025-12-31.

For `use_container_width=True`, use `width='stretch'`. For `use_container_width=False`, use `width='content'`.
C:\Users\jolov\Desktop\MASTER_NASTAVA\kafka-rnaep\dashboard.py:50: UserWarning: pandas only supports SQLAlchemy connectable (engine/connection) or database string URI or sqlite3 DBAPI2 connection. Other DBAPI2 objects are not tested. Please consider using SQLAlchemy.
  st.dataframe(pd.read_sql(latest_sql, conn), use_container_width=True)
2026-01-21 14:02:50.879 Please replace `use_container_width` with `width`.

`use_container_width` will be removed after 2025-12-31.

For `use_container_width=True`, use `width='stretch'`. For `use_container_width=False`, use `width='content'`.
C:\Users\jolov\Desktop\MASTER_NASTAVA\kafka-rnaep\dashboard.py:41: UserWarning: pandas only supports SQLAlchemy connectable (engine/connection) or database string URI or sqlite3 DBAPI2 connection. Other DBAPI2 objects are not tested. Please consider using SQLAlchemy.
  kpi = pd.read_sql(kpi_sql, conn).iloc[0]
C:\Users\jolov\Desktop\MASTER_NASTAVA\kafka-rnaep\dashboard.py:47: UserWarning: pandas only supports SQLAlchemy connectable (engine/connection) or database string URI or sqlite3 DBAPI2 connection. Other DBAPI2 objects are not tested. Please consider using SQLAlchemy.
  st.dataframe(pd.read_sql(top_pdn_sql, conn), use_container_width=True)
2026-01-21 14:02:52.891 Please replace `use_container_width` with `width`.

`use_container_width` will be removed after 2025-12-31.

For `use_container_width=True`, use `width='stretch'`. For `use_container_width=False`, use `width='content'`.
C:\Users\jolov\Desktop\MASTER_NASTAVA\kafka-rnaep\dashboard.py:50: UserWarning: pandas only supports SQLAlchemy connectable (engine/connection) or database string URI or sqlite3 DBAPI2 connection. Other DBAPI2 objects are not tested. Please consider using SQLAlchemy.
  st.dataframe(pd.read_sql(latest_sql, conn), use_container_width=True)
2026-01-21 14:02:52.902 Please replace `use_container_width` with `width`.

`use_container_width` will be removed after 2025-12-31.

For `use_container_width=True`, use `width='stretch'`. For `use_container_width=False`, use `width='content'`.
C:\Users\jolov\Desktop\MASTER_NASTAVA\kafka-rnaep\dashboard.py:41: UserWarning: pandas only supports SQLAlchemy connectable (engine/connection) or database string URI or sqlite3 DBAPI2 connection. Other DBAPI2 objects are not tested. Please consider using SQLAlchemy.
  kpi = pd.read_sql(kpi_sql, conn).iloc[0]
C:\Users\jolov\Desktop\MASTER_NASTAVA\kafka-rnaep\dashboard.py:47: UserWarning: pandas only supports SQLAlchemy connectable (engine/connection) or database string URI or sqlite3 DBAPI2 connection. Other DBAPI2 objects are not tested. Please consider using SQLAlchemy.
  st.dataframe(pd.read_sql(top_pdn_sql, conn), use_container_width=True)
2026-01-21 14:02:54.898 Please replace `use_container_width` with `width`.

`use_container_width` will be removed after 2025-12-31.

For `use_container_width=True`, use `width='stretch'`. For `use_container_width=False`, use `width='content'`.
C:\Users\jolov\Desktop\MASTER_NASTAVA\kafka-rnaep\dashboard.py:50: UserWarning: pandas only supports SQLAlchemy connectable (engine/connection) or database string URI or sqlite3 DBAPI2 connection. Other DBAPI2 objects are not tested. Please consider using SQLAlchemy.
  st.dataframe(pd.read_sql(latest_sql, conn), use_container_width=True)
2026-01-21 14:02:54.906 Please replace `use_container_width` with `width`.

`use_container_width` will be removed after 2025-12-31.

For `use_container_width=True`, use `width='stretch'`. For `use_container_width=False`, use `width='content'`.
C:\Users\jolov\Desktop\MASTER_NASTAVA\kafka-rnaep\dashboard.py:41: UserWarning: pandas only supports SQLAlchemy connectable (engine/connection) or database string URI or sqlite3 DBAPI2 connection. Other DBAPI2 objects are not tested. Please consider using SQLAlchemy.
  kpi = pd.read_sql(kpi_sql, conn).iloc[0]
C:\Users\jolov\Desktop\MASTER_NASTAVA\kafka-rnaep\dashboard.py:47: UserWarning: pandas only supports SQLAlchemy connectable (engine/connection) or database string URI or sqlite3 DBAPI2 connection. Other DBAPI2 objects are not tested. Please consider using SQLAlchemy.
  st.dataframe(pd.read_sql(top_pdn_sql, conn), use_container_width=True)
2026-01-21 14:02:56.903 Please replace `use_container_width` with `width`.

`use_container_width` will be removed after 2025-12-31.

For `use_container_width=True`, use `width='stretch'`. For `use_container_width=False`, use `width='content'`.
C:\Users\jolov\Desktop\MASTER_NASTAVA\kafka-rnaep\dashboard.py:50: UserWarning: pandas only supports SQLAlchemy connectable (engine/connection) or database string URI or sqlite3 DBAPI2 connection. Other DBAPI2 objects are not tested. Please consider using SQLAlchemy.
  st.dataframe(pd.read_sql(latest_sql, conn), use_container_width=True)
2026-01-21 14:02:56.911 Please replace `use_container_width` with `width`.

`use_container_width` will be removed after 2025-12-31.

For `use_container_width=True`, use `width='stretch'`. For `use_container_width=False`, use `width='content'`.
C:\Users\jolov\Desktop\MASTER_NASTAVA\kafka-rnaep\dashboard.py:41: UserWarning: pandas only supports SQLAlchemy connectable (engine/connection) or database string URI or sqlite3 DBAPI2 connection. Other DBAPI2 objects are not tested. Please consider using SQLAlchemy.
  kpi = pd.read_sql(kpi_sql, conn).iloc[0]
C:\Users\jolov\Desktop\MASTER_NASTAVA\kafka-rnaep\dashboard.py:47: UserWarning: pandas only supports SQLAlchemy connectable (engine/connection) or database string URI or sqlite3 DBAPI2 connection. Other DBAPI2 objects are not tested. Please consider using SQLAlchemy.
  st.dataframe(pd.read_sql(top_pdn_sql, conn), use_container_width=True)
2026-01-21 14:02:58.897 Please replace `use_container_width` with `width`.

`use_container_width` will be removed after 2025-12-31.

For `use_container_width=True`, use `width='stretch'`. For `use_container_width=False`, use `width='content'`.
C:\Users\jolov\Desktop\MASTER_NASTAVA\kafka-rnaep\dashboard.py:50: UserWarning: pandas only supports SQLAlchemy connectable (engine/connection) or database string URI or sqlite3 DBAPI2 connection. Other DBAPI2 objects are not tested. Please consider using SQLAlchemy.
  st.dataframe(pd.read_sql(latest_sql, conn), use_container_width=True)
2026-01-21 14:02:58.903 Please replace `use_container_width` with `width`.

`use_container_width` will be removed after 2025-12-31.

For `use_container_width=True`, use `width='stretch'`. For `use_container_width=False`, use `width='content'`.
C:\Users\jolov\Desktop\MASTER_NASTAVA\kafka-rnaep\dashboard.py:41: UserWarning: pandas only supports SQLAlchemy connectable (engine/connection) or database string URI or sqlite3 DBAPI2 connection. Other DBAPI2 objects are not tested. Please consider using SQLAlchemy.
  kpi = pd.read_sql(kpi_sql, conn).iloc[0]
C:\Users\jolov\Desktop\MASTER_NASTAVA\kafka-rnaep\dashboard.py:47: UserWarning: pandas only supports SQLAlchemy connectable (engine/connection) or database string URI or sqlite3 DBAPI2 connection. Other DBAPI2 objects are not tested. Please consider using SQLAlchemy.
  st.dataframe(pd.read_sql(top_pdn_sql, conn), use_container_width=True)
2026-01-21 14:03:00.916 Please replace `use_container_width` with `width`.

`use_container_width` will be removed after 2025-12-31.

For `use_container_width=True`, use `width='stretch'`. For `use_container_width=False`, use `width='content'`.
C:\Users\jolov\Desktop\MASTER_NASTAVA\kafka-rnaep\dashboard.py:50: UserWarning: pandas only supports SQLAlchemy connectable (engine/connection) or database string URI or sqlite3 DBAPI2 connection. Other DBAPI2 objects are not tested. Please consider using SQLAlchemy.
  st.dataframe(pd.read_sql(latest_sql, conn), use_container_width=True)
2026-01-21 14:03:00.930 Please replace `use_container_width` with `width`.

`use_container_width` will be removed after 2025-12-31.

For `use_container_width=True`, use `width='stretch'`. For `use_container_width=False`, use `width='content'`.
C:\Users\jolov\Desktop\MASTER_NASTAVA\kafka-rnaep\dashboard.py:41: UserWarning: pandas only supports SQLAlchemy connectable (engine/connection) or database string URI or sqlite3 DBAPI2 connection. Other DBAPI2 objects are not tested. Please consider using SQLAlchemy.
  kpi = pd.read_sql(kpi_sql, conn).iloc[0]
C:\Users\jolov\Desktop\MASTER_NASTAVA\kafka-rnaep\dashboard.py:47: UserWarning: pandas only supports SQLAlchemy connectable (engine/connection) or database string URI or sqlite3 DBAPI2 connection. Other DBAPI2 objects are not tested. Please consider using SQLAlchemy.
  st.dataframe(pd.read_sql(top_pdn_sql, conn), use_container_width=True)
2026-01-21 14:03:02.871 Please replace `use_container_width` with `width`.

`use_container_width` will be removed after 2025-12-31.

For `use_container_width=True`, use `width='stretch'`. For `use_container_width=False`, use `width='content'`.
C:\Users\jolov\Desktop\MASTER_NASTAVA\kafka-rnaep\dashboard.py:50: UserWarning: pandas only supports SQLAlchemy connectable (engine/connection) or database string URI or sqlite3 DBAPI2 connection. Other DBAPI2 objects are not tested. Please consider using SQLAlchemy.
  st.dataframe(pd.read_sql(latest_sql, conn), use_container_width=True)
2026-01-21 14:03:02.881 Please replace `use_container_width` with `width`.

`use_container_width` will be removed after 2025-12-31.

For `use_container_width=True`, use `width='stretch'`. For `use_container_width=False`, use `width='content'`.
C:\Users\jolov\Desktop\MASTER_NASTAVA\kafka-rnaep\dashboard.py:41: UserWarning: pandas only supports SQLAlchemy connectable (engine/connection) or database string URI or sqlite3 DBAPI2 connection. Other DBAPI2 objects are not tested. Please consider using SQLAlchemy.
  kpi = pd.read_sql(kpi_sql, conn).iloc[0]
C:\Users\jolov\Desktop\MASTER_NASTAVA\kafka-rnaep\dashboard.py:47: UserWarning: pandas only supports SQLAlchemy connectable (engine/connection) or database string URI or sqlite3 DBAPI2 connection. Other DBAPI2 objects are not tested. Please consider using SQLAlchemy.
  st.dataframe(pd.read_sql(top_pdn_sql, conn), use_container_width=True)
2026-01-21 14:03:04.870 Please replace `use_container_width` with `width`.

`use_container_width` will be removed after 2025-12-31.

For `use_container_width=True`, use `width='stretch'`. For `use_container_width=False`, use `width='content'`.
C:\Users\jolov\Desktop\MASTER_NASTAVA\kafka-rnaep\dashboard.py:50: UserWarning: pandas only supports SQLAlchemy connectable (engine/connection) or database string URI or sqlite3 DBAPI2 connection. Other DBAPI2 objects are not tested. Please consider using SQLAlchemy.
  st.dataframe(pd.read_sql(latest_sql, conn), use_container_width=True)
2026-01-21 14:03:04.884 Please replace `use_container_width` with `width`.

`use_container_width` will be removed after 2025-12-31.

For `use_container_width=True`, use `width='stretch'`. For `use_container_width=False`, use `width='content'`.
